../Bin/Debug\NiUserTracker.ilk
../Bin/Debug\NiUserTracker.pdb
C:\PROGRAM FILES (X86)\OPENNI\SAMPLES\BIN\DEBUG\NIUSERTRACKER.EXE
C:\PROGRAM FILES (X86)\OPENNI\SAMPLES\BIN\DEBUG\NIUSERTRACKER.ILK
C:\PROGRAM FILES (X86)\OPENNI\SAMPLES\BIN\DEBUG\NIUSERTRACKER.PDB
C:\Program Files (x86)\OpenNI\Samples\NiUserTracker\../Bin/Debug\NiUserTracker.exe
C:\Program Files (x86)\OpenNI\Samples\NiUserTracker\Win32Debug\cl.command.1.tlog
C:\Program Files (x86)\OpenNI\Samples\NiUserTracker\Win32Debug\CL.read.1.tlog
C:\Program Files (x86)\OpenNI\Samples\NiUserTracker\Win32Debug\CL.write.1.tlog
C:\Program Files (x86)\OpenNI\Samples\NiUserTracker\Win32Debug\link.command.1.tlog
C:\Program Files (x86)\OpenNI\Samples\NiUserTracker\Win32Debug\link.read.1.tlog
C:\Program Files (x86)\OpenNI\Samples\NiUserTracker\Win32Debug\link.write.1.tlog
C:\Program Files (x86)\OpenNI\Samples\NiUserTracker\Win32Debug\link-cvtres.read.1.tlog
C:\Program Files (x86)\OpenNI\Samples\NiUserTracker\Win32Debug\link-cvtres.write.1.tlog
C:\PROGRAM FILES (X86)\OPENNI\SAMPLES\NIUSERTRACKER\WIN32DEBUG\MAIN.OBJ
C:\Program Files (x86)\OpenNI\Samples\NiUserTracker\Win32Debug\mt.command.1.tlog
C:\Program Files (x86)\OpenNI\Samples\NiUserTracker\Win32Debug\mt.read.1.tlog
C:\Program Files (x86)\OpenNI\Samples\NiUserTracker\Win32Debug\mt.write.1.tlog
C:\Program Files (x86)\OpenNI\Samples\NiUserTracker\Win32Debug\NiUserTracker.exe.embed.manifest
C:\PROGRAM FILES (X86)\OPENNI\SAMPLES\NIUSERTRACKER\WIN32DEBUG\NIUSERTRACKER.EXE.EMBED.MANIFEST.RES
C:\PROGRAM FILES (X86)\OPENNI\SAMPLES\NIUSERTRACKER\WIN32DEBUG\NIUSERTRACKER.EXE.INTERMEDIATE.MANIFEST
C:\Program Files (x86)\OpenNI\Samples\NiUserTracker\Win32Debug\NiUserTracker.write.1.tlog
C:\Program Files (x86)\OpenNI\Samples\NiUserTracker\Win32Debug\NiUserTracker_manifest.rc
C:\PROGRAM FILES (X86)\OPENNI\SAMPLES\NIUSERTRACKER\WIN32DEBUG\OPENNI.RES
C:\Program Files (x86)\OpenNI\Samples\NiUserTracker\Win32Debug\rc.command.1.tlog
C:\Program Files (x86)\OpenNI\Samples\NiUserTracker\Win32Debug\rc.read.1.tlog
C:\Program Files (x86)\OpenNI\Samples\NiUserTracker\Win32Debug\rc.write.1.tlog
C:\PROGRAM FILES (X86)\OPENNI\SAMPLES\NIUSERTRACKER\WIN32DEBUG\SCENEDRAWER.OBJ
C:\Program Files (x86)\OpenNI\Samples\NiUserTracker\Win32Debug\vc100.idb
C:\PROGRAM FILES (X86)\OPENNI\SAMPLES\NIUSERTRACKER\WIN32DEBUG\VC100.PDB
C:\Program Files (x86)\OpenNI\Samples\NiUserTracker\Win32Debug\vc90.idb
C:\Program Files (x86)\OpenNI\Samples\NiUserTracker\Win32Debug\vc90.pdb
